{"/Users/user/Documents/fuad/IP-HCK86-clone/backend/models/airecommendation.js": {"path":"/Users/user/Documents/fuad/IP-HCK86-clone/backend/models/airecommendation.js","statementMap":{},"fnMap":{},"branchMap":{},"s":{},"f":{},"b":{},"_coverageSchema":"1a1c01bbd47fc00a2c39e90264f33305004495a9","hash":"3eeb5b546f61b463611b5eb4c3e80d5b2a989aff"}
,"/Users/user/Documents/fuad/IP-HCK86-clone/backend/models/index.js": {"path":"/Users/user/Documents/fuad/IP-HCK86-clone/backend/models/index.js","statementMap":{"0":{"start":{"line":3,"column":11},"end":{"line":3,"column":24}},"1":{"start":{"line":4,"column":13},"end":{"line":4,"column":28}},"2":{"start":{"line":5,"column":18},"end":{"line":5,"column":38}},"3":{"start":{"line":6,"column":16},"end":{"line":6,"column":34}},"4":{"start":{"line":7,"column":17},"end":{"line":7,"column":42}},"5":{"start":{"line":8,"column":12},"end":{"line":8,"column":49}},"6":{"start":{"line":9,"column":15},"end":{"line":9,"column":65}},"7":{"start":{"line":10,"column":11},"end":{"line":10,"column":13}},"8":{"start":{"line":13,"column":0},"end":{"line":17,"column":1}},"9":{"start":{"line":14,"column":2},"end":{"line":14,"column":74}},"10":{"start":{"line":16,"column":2},"end":{"line":16,"column":87}},"11":{"start":{"line":19,"column":0},"end":{"line":35,"column":5}},"12":{"start":{"line":22,"column":4},"end":{"line":27,"column":6}},"13":{"start":{"line":30,"column":24},"end":{"line":30,"column":59}},"14":{"start":{"line":31,"column":4},"end":{"line":34,"column":5}},"15":{"start":{"line":32,"column":20},"end":{"line":32,"column":63}},"16":{"start":{"line":33,"column":6},"end":{"line":33,"column":29}},"17":{"start":{"line":37,"column":0},"end":{"line":41,"column":3}},"18":{"start":{"line":38,"column":2},"end":{"line":40,"column":3}},"19":{"start":{"line":39,"column":4},"end":{"line":39,"column":32}},"20":{"start":{"line":43,"column":0},"end":{"line":43,"column":25}},"21":{"start":{"line":44,"column":0},"end":{"line":44,"column":25}},"22":{"start":{"line":46,"column":0},"end":{"line":46,"column":20}}},"fnMap":{"0":{"name":"(anonymous_0)","decl":{"start":{"line":21,"column":10},"end":{"line":21,"column":11}},"loc":{"start":{"line":21,"column":18},"end":{"line":28,"column":3}},"line":21},"1":{"name":"(anonymous_1)","decl":{"start":{"line":29,"column":11},"end":{"line":29,"column":12}},"loc":{"start":{"line":29,"column":19},"end":{"line":35,"column":3}},"line":29},"2":{"name":"(anonymous_2)","decl":{"start":{"line":37,"column":24},"end":{"line":37,"column":25}},"loc":{"start":{"line":37,"column":37},"end":{"line":41,"column":1}},"line":37}},"branchMap":{"0":{"loc":{"start":{"line":8,"column":12},"end":{"line":8,"column":49}},"type":"binary-expr","locations":[{"start":{"line":8,"column":12},"end":{"line":8,"column":32}},{"start":{"line":8,"column":36},"end":{"line":8,"column":49}}],"line":8},"1":{"loc":{"start":{"line":13,"column":0},"end":{"line":17,"column":1}},"type":"if","locations":[{"start":{"line":13,"column":0},"end":{"line":17,"column":1}},{"start":{"line":15,"column":7},"end":{"line":17,"column":1}}],"line":13},"2":{"loc":{"start":{"line":23,"column":6},"end":{"line":26,"column":37}},"type":"binary-expr","locations":[{"start":{"line":23,"column":6},"end":{"line":23,"column":29}},{"start":{"line":24,"column":6},"end":{"line":24,"column":23}},{"start":{"line":25,"column":6},"end":{"line":25,"column":30}},{"start":{"line":26,"column":6},"end":{"line":26,"column":37}}],"line":23},"3":{"loc":{"start":{"line":31,"column":4},"end":{"line":34,"column":5}},"type":"if","locations":[{"start":{"line":31,"column":4},"end":{"line":34,"column":5}},{"start":{},"end":{}}],"line":31},"4":{"loc":{"start":{"line":38,"column":2},"end":{"line":40,"column":3}},"type":"if","locations":[{"start":{"line":38,"column":2},"end":{"line":40,"column":3}},{"start":{},"end":{}}],"line":38}},"s":{"0":1,"1":1,"2":1,"3":1,"4":1,"5":1,"6":1,"7":1,"8":1,"9":0,"10":1,"11":1,"12":8,"13":7,"14":7,"15":6,"16":6,"17":1,"18":6,"19":6,"20":1,"21":1,"22":1},"f":{"0":8,"1":7,"2":6},"b":{"0":[1,0],"1":[0,1],"2":[8,8,7,7],"3":[6,1],"4":[6,0]},"_coverageSchema":"1a1c01bbd47fc00a2c39e90264f33305004495a9","hash":"f8d96e049ee754a71a6199568b3d6286063dd16b"}
,"/Users/user/Documents/fuad/IP-HCK86-clone/backend/models/menuitem.js": {"path":"/Users/user/Documents/fuad/IP-HCK86-clone/backend/models/menuitem.js","statementMap":{"0":{"start":{"line":4,"column":4},"end":{"line":4,"column":24}},"1":{"start":{"line":5,"column":0},"end":{"line":26,"column":2}},"2":{"start":{"line":14,"column":6},"end":{"line":14,"column":73}},"3":{"start":{"line":17,"column":2},"end":{"line":24,"column":5}},"4":{"start":{"line":25,"column":2},"end":{"line":25,"column":18}}},"fnMap":{"0":{"name":"(anonymous_0)","decl":{"start":{"line":5,"column":17},"end":{"line":5,"column":18}},"loc":{"start":{"line":5,"column":43},"end":{"line":26,"column":1}},"line":5},"1":{"name":"(anonymous_1)","decl":{"start":{"line":12,"column":4},"end":{"line":12,"column":5}},"loc":{"start":{"line":12,"column":29},"end":{"line":15,"column":5}},"line":12}},"branchMap":{},"s":{"0":1,"1":1,"2":1,"3":1,"4":1},"f":{"0":1,"1":1},"b":{},"_coverageSchema":"1a1c01bbd47fc00a2c39e90264f33305004495a9","hash":"704076c4d3c76bbae2149b3d805d52eda0039574"}
,"/Users/user/Documents/fuad/IP-HCK86-clone/backend/models/order.js": {"path":"/Users/user/Documents/fuad/IP-HCK86-clone/backend/models/order.js","statementMap":{"0":{"start":{"line":4,"column":4},"end":{"line":4,"column":24}},"1":{"start":{"line":5,"column":0},"end":{"line":31,"column":2}},"2":{"start":{"line":14,"column":6},"end":{"line":14,"column":68}},"3":{"start":{"line":16,"column":6},"end":{"line":16,"column":62}},"4":{"start":{"line":18,"column":6},"end":{"line":18,"column":66}},"5":{"start":{"line":21,"column":2},"end":{"line":29,"column":5}},"6":{"start":{"line":30,"column":2},"end":{"line":30,"column":15}}},"fnMap":{"0":{"name":"(anonymous_0)","decl":{"start":{"line":5,"column":17},"end":{"line":5,"column":18}},"loc":{"start":{"line":5,"column":43},"end":{"line":31,"column":1}},"line":5},"1":{"name":"(anonymous_1)","decl":{"start":{"line":12,"column":4},"end":{"line":12,"column":5}},"loc":{"start":{"line":12,"column":29},"end":{"line":19,"column":5}},"line":12}},"branchMap":{},"s":{"0":1,"1":1,"2":1,"3":1,"4":1,"5":1,"6":1},"f":{"0":1,"1":1},"b":{},"_coverageSchema":"1a1c01bbd47fc00a2c39e90264f33305004495a9","hash":"ac5e007fe7615dade1069f526b20b808bb54ce37"}
,"/Users/user/Documents/fuad/IP-HCK86-clone/backend/models/orderitem.js": {"path":"/Users/user/Documents/fuad/IP-HCK86-clone/backend/models/orderitem.js","statementMap":{"0":{"start":{"line":4,"column":4},"end":{"line":4,"column":24}},"1":{"start":{"line":5,"column":0},"end":{"line":29,"column":2}},"2":{"start":{"line":14,"column":6},"end":{"line":14,"column":68}},"3":{"start":{"line":16,"column":6},"end":{"line":16,"column":75}},"4":{"start":{"line":19,"column":2},"end":{"line":27,"column":5}},"5":{"start":{"line":28,"column":2},"end":{"line":28,"column":19}}},"fnMap":{"0":{"name":"(anonymous_0)","decl":{"start":{"line":5,"column":17},"end":{"line":5,"column":18}},"loc":{"start":{"line":5,"column":43},"end":{"line":29,"column":1}},"line":5},"1":{"name":"(anonymous_1)","decl":{"start":{"line":12,"column":4},"end":{"line":12,"column":5}},"loc":{"start":{"line":12,"column":29},"end":{"line":17,"column":5}},"line":12}},"branchMap":{},"s":{"0":1,"1":1,"2":1,"3":1,"4":1,"5":1},"f":{"0":1,"1":1},"b":{},"_coverageSchema":"1a1c01bbd47fc00a2c39e90264f33305004495a9","hash":"ec014260da154088c5906c3070c9f23093b9de6d"}
,"/Users/user/Documents/fuad/IP-HCK86-clone/backend/models/session.js": {"path":"/Users/user/Documents/fuad/IP-HCK86-clone/backend/models/session.js","statementMap":{"0":{"start":{"line":4,"column":4},"end":{"line":4,"column":24}},"1":{"start":{"line":5,"column":0},"end":{"line":31,"column":2}},"2":{"start":{"line":14,"column":6},"end":{"line":14,"column":66}},"3":{"start":{"line":16,"column":6},"end":{"line":16,"column":64}},"4":{"start":{"line":18,"column":6},"end":{"line":18,"column":66}},"5":{"start":{"line":21,"column":2},"end":{"line":29,"column":5}},"6":{"start":{"line":30,"column":2},"end":{"line":30,"column":17}}},"fnMap":{"0":{"name":"(anonymous_0)","decl":{"start":{"line":5,"column":17},"end":{"line":5,"column":18}},"loc":{"start":{"line":5,"column":43},"end":{"line":31,"column":1}},"line":5},"1":{"name":"(anonymous_1)","decl":{"start":{"line":12,"column":4},"end":{"line":12,"column":5}},"loc":{"start":{"line":12,"column":29},"end":{"line":19,"column":5}},"line":12}},"branchMap":{},"s":{"0":1,"1":1,"2":1,"3":1,"4":1,"5":1,"6":1},"f":{"0":1,"1":1},"b":{},"_coverageSchema":"1a1c01bbd47fc00a2c39e90264f33305004495a9","hash":"c8ab6ecd9646086404cb9c5af1c6136e880a75f9"}
,"/Users/user/Documents/fuad/IP-HCK86-clone/backend/models/table.js": {"path":"/Users/user/Documents/fuad/IP-HCK86-clone/backend/models/table.js","statementMap":{"0":{"start":{"line":4,"column":4},"end":{"line":4,"column":24}},"1":{"start":{"line":5,"column":0},"end":{"line":24,"column":2}},"2":{"start":{"line":14,"column":6},"end":{"line":14,"column":64}},"3":{"start":{"line":17,"column":2},"end":{"line":22,"column":5}},"4":{"start":{"line":23,"column":2},"end":{"line":23,"column":15}}},"fnMap":{"0":{"name":"(anonymous_0)","decl":{"start":{"line":5,"column":17},"end":{"line":5,"column":18}},"loc":{"start":{"line":5,"column":43},"end":{"line":24,"column":1}},"line":5},"1":{"name":"(anonymous_1)","decl":{"start":{"line":12,"column":4},"end":{"line":12,"column":5}},"loc":{"start":{"line":12,"column":29},"end":{"line":15,"column":5}},"line":12}},"branchMap":{},"s":{"0":1,"1":1,"2":1,"3":1,"4":1},"f":{"0":1,"1":1},"b":{},"_coverageSchema":"1a1c01bbd47fc00a2c39e90264f33305004495a9","hash":"f5922b623ee28dee956bb2f30bd73c492619fb11"}
,"/Users/user/Documents/fuad/IP-HCK86-clone/backend/models/user.js": {"path":"/Users/user/Documents/fuad/IP-HCK86-clone/backend/models/user.js","statementMap":{"0":{"start":{"line":4,"column":4},"end":{"line":4,"column":24}},"1":{"start":{"line":5,"column":0},"end":{"line":28,"column":2}},"2":{"start":{"line":14,"column":6},"end":{"line":14,"column":62}},"3":{"start":{"line":16,"column":6},"end":{"line":16,"column":60}},"4":{"start":{"line":19,"column":2},"end":{"line":26,"column":5}},"5":{"start":{"line":27,"column":2},"end":{"line":27,"column":14}}},"fnMap":{"0":{"name":"(anonymous_0)","decl":{"start":{"line":5,"column":17},"end":{"line":5,"column":18}},"loc":{"start":{"line":5,"column":43},"end":{"line":28,"column":1}},"line":5},"1":{"name":"(anonymous_1)","decl":{"start":{"line":12,"column":4},"end":{"line":12,"column":5}},"loc":{"start":{"line":12,"column":29},"end":{"line":17,"column":5}},"line":12}},"branchMap":{},"s":{"0":1,"1":1,"2":1,"3":1,"4":1,"5":1},"f":{"0":1,"1":1},"b":{},"_coverageSchema":"1a1c01bbd47fc00a2c39e90264f33305004495a9","hash":"b546097f7dca656b70e812580bed518adea25474"}
,"/Users/user/Documents/fuad/IP-HCK86-clone/backend/routes/ai.js": {"path":"/Users/user/Documents/fuad/IP-HCK86-clone/backend/routes/ai.js","statementMap":{"0":{"start":{"line":1,"column":16},"end":{"line":1,"column":34}},"1":{"start":{"line":2,"column":15},"end":{"line":2,"column":32}},"2":{"start":{"line":3,"column":21},"end":{"line":3,"column":41}},"3":{"start":{"line":4,"column":15},"end":{"line":4,"column":31}},"4":{"start":{"line":6,"column":15},"end":{"line":6,"column":65}},"5":{"start":{"line":10,"column":0},"end":{"line":45,"column":3}},"6":{"start":{"line":11,"column":23},"end":{"line":11,"column":31}},"7":{"start":{"line":12,"column":2},"end":{"line":14,"column":3}},"8":{"start":{"line":13,"column":4},"end":{"line":13,"column":73}},"9":{"start":{"line":15,"column":2},"end":{"line":44,"column":3}},"10":{"start":{"line":17,"column":22},"end":{"line":17,"column":46}},"11":{"start":{"line":19,"column":21},"end":{"line":24,"column":7}},"12":{"start":{"line":19,"column":44},"end":{"line":24,"column":5}},"13":{"start":{"line":27,"column":23},"end":{"line":27,"column":1238}},"14":{"start":{"line":30,"column":25},"end":{"line":33,"column":5}},"15":{"start":{"line":35,"column":23},"end":{"line":40,"column":6}},"16":{"start":{"line":41,"column":4},"end":{"line":41,"column":63}},"17":{"start":{"line":43,"column":4},"end":{"line":43,"column":83}},"18":{"start":{"line":47,"column":0},"end":{"line":47,"column":24}}},"fnMap":{"0":{"name":"(anonymous_0)","decl":{"start":{"line":10,"column":21},"end":{"line":10,"column":22}},"loc":{"start":{"line":10,"column":41},"end":{"line":45,"column":1}},"line":10},"1":{"name":"(anonymous_1)","decl":{"start":{"line":19,"column":35},"end":{"line":19,"column":36}},"loc":{"start":{"line":19,"column":44},"end":{"line":24,"column":5}},"line":19}},"branchMap":{"0":{"loc":{"start":{"line":12,"column":2},"end":{"line":14,"column":3}},"type":"if","locations":[{"start":{"line":12,"column":2},"end":{"line":14,"column":3}},{"start":{},"end":{}}],"line":12},"1":{"loc":{"start":{"line":12,"column":6},"end":{"line":12,"column":43}},"type":"binary-expr","locations":[{"start":{"line":12,"column":6},"end":{"line":12,"column":15}},{"start":{"line":12,"column":19},"end":{"line":12,"column":43}}],"line":12}},"s":{"0":1,"1":1,"2":1,"3":1,"4":1,"5":1,"6":4,"7":4,"8":2,"9":2,"10":2,"11":2,"12":372,"13":2,"14":2,"15":2,"16":2,"17":0,"18":1},"f":{"0":4,"1":372},"b":{"0":[2,2],"1":[4,3]},"_coverageSchema":"1a1c01bbd47fc00a2c39e90264f33305004495a9","hash":"0e448b8d96144f8b3dbf4dc37b7180519a44b8c6"}
,"/Users/user/Documents/fuad/IP-HCK86-clone/backend/routes/menuItems.js": {"path":"/Users/user/Documents/fuad/IP-HCK86-clone/backend/routes/menuItems.js","statementMap":{"0":{"start":{"line":1,"column":16},"end":{"line":1,"column":34}},"1":{"start":{"line":2,"column":15},"end":{"line":2,"column":31}},"2":{"start":{"line":3,"column":21},"end":{"line":3,"column":41}},"3":{"start":{"line":6,"column":0},"end":{"line":13,"column":3}},"4":{"start":{"line":7,"column":2},"end":{"line":12,"column":3}},"5":{"start":{"line":8,"column":22},"end":{"line":8,"column":46}},"6":{"start":{"line":9,"column":4},"end":{"line":9,"column":24}},"7":{"start":{"line":11,"column":4},"end":{"line":11,"column":66}},"8":{"start":{"line":15,"column":0},"end":{"line":15,"column":24}}},"fnMap":{"0":{"name":"(anonymous_0)","decl":{"start":{"line":6,"column":16},"end":{"line":6,"column":17}},"loc":{"start":{"line":6,"column":36},"end":{"line":13,"column":1}},"line":6}},"branchMap":{},"s":{"0":1,"1":1,"2":1,"3":1,"4":2,"5":2,"6":1,"7":1,"8":1},"f":{"0":2},"b":{},"_coverageSchema":"1a1c01bbd47fc00a2c39e90264f33305004495a9","hash":"ef73dd149006fcc8fe9e5a098ba7899086b1f984"}
,"/Users/user/Documents/fuad/IP-HCK86-clone/backend/routes/orderItems.js": {"path":"/Users/user/Documents/fuad/IP-HCK86-clone/backend/routes/orderItems.js","statementMap":{"0":{"start":{"line":1,"column":16},"end":{"line":1,"column":34}},"1":{"start":{"line":2,"column":15},"end":{"line":2,"column":31}},"2":{"start":{"line":3,"column":39},"end":{"line":3,"column":59}},"3":{"start":{"line":6,"column":0},"end":{"line":24,"column":3}},"4":{"start":{"line":7,"column":23},"end":{"line":7,"column":31}},"5":{"start":{"line":8,"column":2},"end":{"line":8,"column":103}},"6":{"start":{"line":8,"column":33},"end":{"line":8,"column":103}},"7":{"start":{"line":9,"column":2},"end":{"line":23,"column":3}},"8":{"start":{"line":10,"column":22},"end":{"line":10,"column":61}},"9":{"start":{"line":11,"column":4},"end":{"line":11,"column":83}},"10":{"start":{"line":11,"column":20},"end":{"line":11,"column":83}},"11":{"start":{"line":12,"column":18},"end":{"line":12,"column":58}},"12":{"start":{"line":13,"column":4},"end":{"line":13,"column":74}},"13":{"start":{"line":13,"column":16},"end":{"line":13,"column":74}},"14":{"start":{"line":14,"column":4},"end":{"line":14,"column":108}},"15":{"start":{"line":14,"column":33},"end":{"line":14,"column":108}},"16":{"start":{"line":16,"column":21},"end":{"line":16,"column":68}},"17":{"start":{"line":17,"column":4},"end":{"line":17,"column":34}},"18":{"start":{"line":18,"column":4},"end":{"line":18,"column":66}},"19":{"start":{"line":19,"column":4},"end":{"line":19,"column":27}},"20":{"start":{"line":20,"column":4},"end":{"line":20,"column":24}},"21":{"start":{"line":22,"column":4},"end":{"line":22,"column":67}},"22":{"start":{"line":27,"column":0},"end":{"line":39,"column":3}},"23":{"start":{"line":28,"column":2},"end":{"line":38,"column":3}},"24":{"start":{"line":29,"column":22},"end":{"line":29,"column":61}},"25":{"start":{"line":30,"column":4},"end":{"line":30,"column":83}},"26":{"start":{"line":30,"column":20},"end":{"line":30,"column":83}},"27":{"start":{"line":31,"column":18},"end":{"line":31,"column":58}},"28":{"start":{"line":32,"column":4},"end":{"line":32,"column":74}},"29":{"start":{"line":32,"column":16},"end":{"line":32,"column":74}},"30":{"start":{"line":33,"column":4},"end":{"line":33,"column":110}},"31":{"start":{"line":33,"column":33},"end":{"line":33,"column":110}},"32":{"start":{"line":34,"column":4},"end":{"line":34,"column":30}},"33":{"start":{"line":35,"column":4},"end":{"line":35,"column":27}},"34":{"start":{"line":37,"column":4},"end":{"line":37,"column":67}},"35":{"start":{"line":41,"column":0},"end":{"line":41,"column":24}}},"fnMap":{"0":{"name":"(anonymous_0)","decl":{"start":{"line":6,"column":21},"end":{"line":6,"column":22}},"loc":{"start":{"line":6,"column":41},"end":{"line":24,"column":1}},"line":6},"1":{"name":"(anonymous_1)","decl":{"start":{"line":27,"column":22},"end":{"line":27,"column":23}},"loc":{"start":{"line":27,"column":42},"end":{"line":39,"column":1}},"line":27}},"branchMap":{"0":{"loc":{"start":{"line":8,"column":2},"end":{"line":8,"column":103}},"type":"if","locations":[{"start":{"line":8,"column":2},"end":{"line":8,"column":103}},{"start":{},"end":{}}],"line":8},"1":{"loc":{"start":{"line":8,"column":6},"end":{"line":8,"column":31}},"type":"binary-expr","locations":[{"start":{"line":8,"column":6},"end":{"line":8,"column":15}},{"start":{"line":8,"column":19},"end":{"line":8,"column":31}}],"line":8},"2":{"loc":{"start":{"line":11,"column":4},"end":{"line":11,"column":83}},"type":"if","locations":[{"start":{"line":11,"column":4},"end":{"line":11,"column":83}},{"start":{},"end":{}}],"line":11},"3":{"loc":{"start":{"line":13,"column":4},"end":{"line":13,"column":74}},"type":"if","locations":[{"start":{"line":13,"column":4},"end":{"line":13,"column":74}},{"start":{},"end":{}}],"line":13},"4":{"loc":{"start":{"line":14,"column":4},"end":{"line":14,"column":108}},"type":"if","locations":[{"start":{"line":14,"column":4},"end":{"line":14,"column":108}},{"start":{},"end":{}}],"line":14},"5":{"loc":{"start":{"line":30,"column":4},"end":{"line":30,"column":83}},"type":"if","locations":[{"start":{"line":30,"column":4},"end":{"line":30,"column":83}},{"start":{},"end":{}}],"line":30},"6":{"loc":{"start":{"line":32,"column":4},"end":{"line":32,"column":74}},"type":"if","locations":[{"start":{"line":32,"column":4},"end":{"line":32,"column":74}},{"start":{},"end":{}}],"line":32},"7":{"loc":{"start":{"line":33,"column":4},"end":{"line":33,"column":110}},"type":"if","locations":[{"start":{"line":33,"column":4},"end":{"line":33,"column":110}},{"start":{},"end":{}}],"line":33}},"s":{"0":1,"1":1,"2":1,"3":1,"4":8,"5":8,"6":1,"7":7,"8":7,"9":6,"10":3,"11":3,"12":3,"13":1,"14":2,"15":1,"16":1,"17":0,"18":0,"19":0,"20":0,"21":2,"22":1,"23":7,"24":7,"25":6,"26":3,"27":3,"28":3,"29":1,"30":2,"31":1,"32":1,"33":0,"34":2,"35":1},"f":{"0":8,"1":7},"b":{"0":[1,7],"1":[8,7],"2":[3,3],"3":[1,2],"4":[1,1],"5":[3,3],"6":[1,2],"7":[1,1]},"_coverageSchema":"1a1c01bbd47fc00a2c39e90264f33305004495a9","hash":"0c8fdf13a353eae56fa74aa23c1e079c9f4bcbbc"}
,"/Users/user/Documents/fuad/IP-HCK86-clone/backend/routes/orders.js": {"path":"/Users/user/Documents/fuad/IP-HCK86-clone/backend/routes/orders.js","statementMap":{"0":{"start":{"line":1,"column":16},"end":{"line":1,"column":34}},"1":{"start":{"line":2,"column":15},"end":{"line":2,"column":31}},"2":{"start":{"line":3,"column":48},"end":{"line":3,"column":68}},"3":{"start":{"line":6,"column":0},"end":{"line":32,"column":3}},"4":{"start":{"line":7,"column":2},"end":{"line":31,"column":3}},"5":{"start":{"line":8,"column":37},"end":{"line":8,"column":46}},"6":{"start":{"line":9,"column":16},"end":{"line":9,"column":18}},"7":{"start":{"line":10,"column":4},"end":{"line":17,"column":5}},"8":{"start":{"line":11,"column":6},"end":{"line":11,"column":36}},"9":{"start":{"line":12,"column":11},"end":{"line":17,"column":5}},"10":{"start":{"line":14,"column":23},"end":{"line":14,"column":69}},"11":{"start":{"line":15,"column":25},"end":{"line":15,"column":48}},"12":{"start":{"line":15,"column":43},"end":{"line":15,"column":47}},"13":{"start":{"line":16,"column":6},"end":{"line":16,"column":36}},"14":{"start":{"line":18,"column":19},"end":{"line":27,"column":6}},"15":{"start":{"line":28,"column":4},"end":{"line":28,"column":21}},"16":{"start":{"line":30,"column":4},"end":{"line":30,"column":62}},"17":{"start":{"line":35,"column":0},"end":{"line":86,"column":3}},"18":{"start":{"line":36,"column":32},"end":{"line":36,"column":40}},"19":{"start":{"line":38,"column":2},"end":{"line":40,"column":3}},"20":{"start":{"line":39,"column":4},"end":{"line":39,"column":80}},"21":{"start":{"line":41,"column":2},"end":{"line":85,"column":3}},"22":{"start":{"line":43,"column":20},"end":{"line":43,"column":54}},"23":{"start":{"line":44,"column":4},"end":{"line":44,"column":78}},"24":{"start":{"line":44,"column":18},"end":{"line":44,"column":78}},"25":{"start":{"line":46,"column":4},"end":{"line":48,"column":5}},"26":{"start":{"line":47,"column":6},"end":{"line":47,"column":103}},"27":{"start":{"line":51,"column":16},"end":{"line":51,"column":17}},"28":{"start":{"line":52,"column":23},"end":{"line":52,"column":25}},"29":{"start":{"line":53,"column":4},"end":{"line":63,"column":5}},"30":{"start":{"line":54,"column":23},"end":{"line":54,"column":65}},"31":{"start":{"line":55,"column":6},"end":{"line":55,"column":104}},"32":{"start":{"line":55,"column":21},"end":{"line":55,"column":104}},"33":{"start":{"line":56,"column":26},"end":{"line":56,"column":68}},"34":{"start":{"line":57,"column":6},"end":{"line":57,"column":27}},"35":{"start":{"line":58,"column":6},"end":{"line":62,"column":9}},"36":{"start":{"line":66,"column":18},"end":{"line":70,"column":6}},"37":{"start":{"line":73,"column":4},"end":{"line":80,"column":5}},"38":{"start":{"line":74,"column":6},"end":{"line":79,"column":9}},"39":{"start":{"line":82,"column":4},"end":{"line":82,"column":78}},"40":{"start":{"line":84,"column":4},"end":{"line":84,"column":62}},"41":{"start":{"line":89,"column":0},"end":{"line":104,"column":3}},"42":{"start":{"line":90,"column":2},"end":{"line":103,"column":3}},"43":{"start":{"line":91,"column":18},"end":{"line":98,"column":6}},"44":{"start":{"line":99,"column":4},"end":{"line":99,"column":74}},"45":{"start":{"line":99,"column":16},"end":{"line":99,"column":74}},"46":{"start":{"line":100,"column":4},"end":{"line":100,"column":20}},"47":{"start":{"line":102,"column":4},"end":{"line":102,"column":61}},"48":{"start":{"line":106,"column":0},"end":{"line":106,"column":24}}},"fnMap":{"0":{"name":"(anonymous_0)","decl":{"start":{"line":6,"column":16},"end":{"line":6,"column":17}},"loc":{"start":{"line":6,"column":36},"end":{"line":32,"column":1}},"line":6},"1":{"name":"(anonymous_1)","decl":{"start":{"line":15,"column":38},"end":{"line":15,"column":39}},"loc":{"start":{"line":15,"column":43},"end":{"line":15,"column":47}},"line":15},"2":{"name":"(anonymous_2)","decl":{"start":{"line":35,"column":17},"end":{"line":35,"column":18}},"loc":{"start":{"line":35,"column":37},"end":{"line":86,"column":1}},"line":35},"3":{"name":"(anonymous_3)","decl":{"start":{"line":89,"column":19},"end":{"line":89,"column":20}},"loc":{"start":{"line":89,"column":39},"end":{"line":104,"column":1}},"line":89}},"branchMap":{"0":{"loc":{"start":{"line":10,"column":4},"end":{"line":17,"column":5}},"type":"if","locations":[{"start":{"line":10,"column":4},"end":{"line":17,"column":5}},{"start":{"line":12,"column":11},"end":{"line":17,"column":5}}],"line":10},"1":{"loc":{"start":{"line":12,"column":11},"end":{"line":17,"column":5}},"type":"if","locations":[{"start":{"line":12,"column":11},"end":{"line":17,"column":5}},{"start":{},"end":{}}],"line":12},"2":{"loc":{"start":{"line":38,"column":2},"end":{"line":40,"column":3}},"type":"if","locations":[{"start":{"line":38,"column":2},"end":{"line":40,"column":3}},{"start":{},"end":{}}],"line":38},"3":{"loc":{"start":{"line":38,"column":6},"end":{"line":38,"column":64}},"type":"binary-expr","locations":[{"start":{"line":38,"column":6},"end":{"line":38,"column":17}},{"start":{"line":38,"column":21},"end":{"line":38,"column":42}},{"start":{"line":38,"column":46},"end":{"line":38,"column":64}}],"line":38},"4":{"loc":{"start":{"line":44,"column":4},"end":{"line":44,"column":78}},"type":"if","locations":[{"start":{"line":44,"column":4},"end":{"line":44,"column":78}},{"start":{},"end":{}}],"line":44},"5":{"loc":{"start":{"line":46,"column":4},"end":{"line":48,"column":5}},"type":"if","locations":[{"start":{"line":46,"column":4},"end":{"line":48,"column":5}},{"start":{},"end":{}}],"line":46},"6":{"loc":{"start":{"line":55,"column":6},"end":{"line":55,"column":104}},"type":"if","locations":[{"start":{"line":55,"column":6},"end":{"line":55,"column":104}},{"start":{},"end":{}}],"line":55},"7":{"loc":{"start":{"line":99,"column":4},"end":{"line":99,"column":74}},"type":"if","locations":[{"start":{"line":99,"column":4},"end":{"line":99,"column":74}},{"start":{},"end":{}}],"line":99}},"s":{"0":1,"1":1,"2":1,"3":1,"4":4,"5":4,"6":4,"7":4,"8":1,"9":3,"10":1,"11":1,"12":1,"13":1,"14":4,"15":3,"16":1,"17":1,"18":7,"19":7,"20":3,"21":4,"22":4,"23":4,"24":1,"25":3,"26":2,"27":1,"28":1,"29":1,"30":1,"31":1,"32":1,"33":0,"34":0,"35":0,"36":0,"37":0,"38":0,"39":0,"40":0,"41":1,"42":3,"43":3,"44":2,"45":2,"46":0,"47":1,"48":1},"f":{"0":4,"1":1,"2":7,"3":3},"b":{"0":[1,3],"1":[1,2],"2":[3,4],"3":[7,7,6],"4":[1,3],"5":[2,1],"6":[1,0],"7":[2,0]},"_coverageSchema":"1a1c01bbd47fc00a2c39e90264f33305004495a9","hash":"137c05d412df61f15ace19b24d1848e21ba859ce"}
,"/Users/user/Documents/fuad/IP-HCK86-clone/backend/routes/payments.js": {"path":"/Users/user/Documents/fuad/IP-HCK86-clone/backend/routes/payments.js","statementMap":{"0":{"start":{"line":1,"column":16},"end":{"line":1,"column":34}},"1":{"start":{"line":2,"column":15},"end":{"line":2,"column":31}},"2":{"start":{"line":3,"column":23},"end":{"line":3,"column":49}},"3":{"start":{"line":4,"column":18},"end":{"line":4,"column":38}},"4":{"start":{"line":7,"column":13},"end":{"line":11,"column":2}},"5":{"start":{"line":14,"column":0},"end":{"line":37,"column":3}},"6":{"start":{"line":15,"column":23},"end":{"line":15,"column":31}},"7":{"start":{"line":16,"column":2},"end":{"line":16,"column":80}},"8":{"start":{"line":16,"column":17},"end":{"line":16,"column":80}},"9":{"start":{"line":17,"column":2},"end":{"line":36,"column":3}},"10":{"start":{"line":18,"column":18},"end":{"line":18,"column":48}},"11":{"start":{"line":19,"column":4},"end":{"line":19,"column":74}},"12":{"start":{"line":19,"column":16},"end":{"line":19,"column":74}},"13":{"start":{"line":21,"column":22},"end":{"line":30,"column":5}},"14":{"start":{"line":32,"column":24},"end":{"line":32,"column":63}},"15":{"start":{"line":33,"column":4},"end":{"line":33,"column":83}},"16":{"start":{"line":35,"column":4},"end":{"line":35,"column":98}},"17":{"start":{"line":40,"column":0},"end":{"line":71,"column":3}},"18":{"start":{"line":41,"column":2},"end":{"line":70,"column":3}},"19":{"start":{"line":42,"column":25},"end":{"line":42,"column":33}},"20":{"start":{"line":44,"column":25},"end":{"line":44,"column":94}},"21":{"start":{"line":45,"column":4},"end":{"line":45,"column":71}},"22":{"start":{"line":45,"column":23},"end":{"line":45,"column":71}},"23":{"start":{"line":46,"column":20},"end":{"line":46,"column":49}},"24":{"start":{"line":47,"column":18},"end":{"line":47,"column":47}},"25":{"start":{"line":48,"column":4},"end":{"line":48,"column":63}},"26":{"start":{"line":48,"column":16},"end":{"line":48,"column":63}},"27":{"start":{"line":51,"column":20},"end":{"line":51,"column":32}},"28":{"start":{"line":52,"column":4},"end":{"line":65,"column":5}},"29":{"start":{"line":55,"column":8},"end":{"line":55,"column":27}},"30":{"start":{"line":56,"column":8},"end":{"line":56,"column":14}},"31":{"start":{"line":58,"column":8},"end":{"line":58,"column":30}},"32":{"start":{"line":59,"column":8},"end":{"line":59,"column":14}},"33":{"start":{"line":63,"column":8},"end":{"line":63,"column":29}},"34":{"start":{"line":64,"column":8},"end":{"line":64,"column":14}},"35":{"start":{"line":66,"column":4},"end":{"line":66,"column":46}},"36":{"start":{"line":67,"column":4},"end":{"line":67,"column":31}},"37":{"start":{"line":69,"column":4},"end":{"line":69,"column":58}},"38":{"start":{"line":73,"column":0},"end":{"line":73,"column":24}}},"fnMap":{"0":{"name":"(anonymous_0)","decl":{"start":{"line":14,"column":17},"end":{"line":14,"column":18}},"loc":{"start":{"line":14,"column":37},"end":{"line":37,"column":1}},"line":14},"1":{"name":"(anonymous_1)","decl":{"start":{"line":40,"column":45},"end":{"line":40,"column":46}},"loc":{"start":{"line":40,"column":65},"end":{"line":71,"column":1}},"line":40}},"branchMap":{"0":{"loc":{"start":{"line":9,"column":13},"end":{"line":9,"column":65}},"type":"binary-expr","locations":[{"start":{"line":9,"column":13},"end":{"line":9,"column":44}},{"start":{"line":9,"column":48},"end":{"line":9,"column":65}}],"line":9},"1":{"loc":{"start":{"line":10,"column":13},"end":{"line":10,"column":65}},"type":"binary-expr","locations":[{"start":{"line":10,"column":13},"end":{"line":10,"column":44}},{"start":{"line":10,"column":48},"end":{"line":10,"column":65}}],"line":10},"2":{"loc":{"start":{"line":16,"column":2},"end":{"line":16,"column":80}},"type":"if","locations":[{"start":{"line":16,"column":2},"end":{"line":16,"column":80}},{"start":{},"end":{}}],"line":16},"3":{"loc":{"start":{"line":19,"column":4},"end":{"line":19,"column":74}},"type":"if","locations":[{"start":{"line":19,"column":4},"end":{"line":19,"column":74}},{"start":{},"end":{}}],"line":19},"4":{"loc":{"start":{"line":44,"column":25},"end":{"line":44,"column":94}},"type":"binary-expr","locations":[{"start":{"line":44,"column":25},"end":{"line":44,"column":46}},{"start":{"line":44,"column":50},"end":{"line":44,"column":94}}],"line":44},"5":{"loc":{"start":{"line":45,"column":4},"end":{"line":45,"column":71}},"type":"if","locations":[{"start":{"line":45,"column":4},"end":{"line":45,"column":71}},{"start":{},"end":{}}],"line":45},"6":{"loc":{"start":{"line":48,"column":4},"end":{"line":48,"column":63}},"type":"if","locations":[{"start":{"line":48,"column":4},"end":{"line":48,"column":63}},{"start":{},"end":{}}],"line":48},"7":{"loc":{"start":{"line":52,"column":4},"end":{"line":65,"column":5}},"type":"switch","locations":[{"start":{"line":53,"column":6},"end":{"line":53,"column":21}},{"start":{"line":54,"column":6},"end":{"line":56,"column":14}},{"start":{"line":57,"column":6},"end":{"line":59,"column":14}},{"start":{"line":60,"column":6},"end":{"line":60,"column":18}},{"start":{"line":61,"column":6},"end":{"line":61,"column":20}},{"start":{"line":62,"column":6},"end":{"line":64,"column":14}}],"line":52}},"s":{"0":1,"1":1,"2":1,"3":1,"4":1,"5":1,"6":5,"7":5,"8":2,"9":3,"10":3,"11":3,"12":2,"13":1,"14":1,"15":0,"16":1,"17":1,"18":11,"19":11,"20":11,"21":11,"22":2,"23":9,"24":9,"25":7,"26":2,"27":5,"28":5,"29":1,"30":1,"31":1,"32":1,"33":3,"34":3,"35":5,"36":5,"37":2,"38":1},"f":{"0":5,"1":11},"b":{"0":[1,1],"1":[1,1],"2":[2,3],"3":[2,1],"4":[11,11],"5":[2,9],"6":[2,5],"7":[0,1,1,1,2,3]},"_coverageSchema":"1a1c01bbd47fc00a2c39e90264f33305004495a9","hash":"7689f5d04a97f511d5ced4889734cde6b75ae6ad"}
,"/Users/user/Documents/fuad/IP-HCK86-clone/backend/routes/sessions.js": {"path":"/Users/user/Documents/fuad/IP-HCK86-clone/backend/routes/sessions.js","statementMap":{"0":{"start":{"line":1,"column":16},"end":{"line":1,"column":34}},"1":{"start":{"line":2,"column":15},"end":{"line":2,"column":31}},"2":{"start":{"line":3,"column":27},"end":{"line":3,"column":47}},"3":{"start":{"line":6,"column":0},"end":{"line":26,"column":3}},"4":{"start":{"line":7,"column":22},"end":{"line":7,"column":30}},"5":{"start":{"line":8,"column":2},"end":{"line":8,"column":78}},"6":{"start":{"line":8,"column":16},"end":{"line":8,"column":78}},"7":{"start":{"line":9,"column":2},"end":{"line":25,"column":3}},"8":{"start":{"line":10,"column":18},"end":{"line":10,"column":61}},"9":{"start":{"line":11,"column":4},"end":{"line":11,"column":74}},"10":{"start":{"line":11,"column":16},"end":{"line":11,"column":74}},"11":{"start":{"line":14,"column":23},"end":{"line":14,"column":33}},"12":{"start":{"line":15,"column":23},"end":{"line":15,"column":60}},"13":{"start":{"line":17,"column":20},"end":{"line":21,"column":6}},"14":{"start":{"line":22,"column":4},"end":{"line":22,"column":34}},"15":{"start":{"line":24,"column":4},"end":{"line":24,"column":64}},"16":{"start":{"line":29,"column":0},"end":{"line":37,"column":3}},"17":{"start":{"line":30,"column":2},"end":{"line":36,"column":3}},"18":{"start":{"line":31,"column":20},"end":{"line":31,"column":57}},"19":{"start":{"line":32,"column":4},"end":{"line":32,"column":78}},"20":{"start":{"line":32,"column":18},"end":{"line":32,"column":78}},"21":{"start":{"line":33,"column":4},"end":{"line":33,"column":22}},"22":{"start":{"line":35,"column":4},"end":{"line":35,"column":63}},"23":{"start":{"line":39,"column":0},"end":{"line":39,"column":24}}},"fnMap":{"0":{"name":"(anonymous_0)","decl":{"start":{"line":6,"column":17},"end":{"line":6,"column":18}},"loc":{"start":{"line":6,"column":37},"end":{"line":26,"column":1}},"line":6},"1":{"name":"(anonymous_1)","decl":{"start":{"line":29,"column":19},"end":{"line":29,"column":20}},"loc":{"start":{"line":29,"column":39},"end":{"line":37,"column":1}},"line":29}},"branchMap":{"0":{"loc":{"start":{"line":8,"column":2},"end":{"line":8,"column":78}},"type":"if","locations":[{"start":{"line":8,"column":2},"end":{"line":8,"column":78}},{"start":{},"end":{}}],"line":8},"1":{"loc":{"start":{"line":11,"column":4},"end":{"line":11,"column":74}},"type":"if","locations":[{"start":{"line":11,"column":4},"end":{"line":11,"column":74}},{"start":{},"end":{}}],"line":11},"2":{"loc":{"start":{"line":32,"column":4},"end":{"line":32,"column":78}},"type":"if","locations":[{"start":{"line":32,"column":4},"end":{"line":32,"column":78}},{"start":{},"end":{}}],"line":32}},"s":{"0":1,"1":1,"2":1,"3":1,"4":6,"5":5,"6":1,"7":4,"8":4,"9":3,"10":2,"11":1,"12":1,"13":1,"14":0,"15":2,"16":1,"17":3,"18":3,"19":1,"20":1,"21":0,"22":2,"23":1},"f":{"0":6,"1":3},"b":{"0":[1,4],"1":[2,1],"2":[1,0]},"_coverageSchema":"1a1c01bbd47fc00a2c39e90264f33305004495a9","hash":"39469ea1cd82dbcb8f0fc05247345fa0f8ac1da4"}
,"/Users/user/Documents/fuad/IP-HCK86-clone/backend/routes/tables.js": {"path":"/Users/user/Documents/fuad/IP-HCK86-clone/backend/routes/tables.js","statementMap":{"0":{"start":{"line":1,"column":16},"end":{"line":1,"column":34}},"1":{"start":{"line":2,"column":15},"end":{"line":2,"column":31}},"2":{"start":{"line":3,"column":18},"end":{"line":3,"column":38}},"3":{"start":{"line":6,"column":0},"end":{"line":13,"column":3}},"4":{"start":{"line":7,"column":2},"end":{"line":12,"column":3}},"5":{"start":{"line":8,"column":19},"end":{"line":8,"column":40}},"6":{"start":{"line":9,"column":4},"end":{"line":9,"column":21}},"7":{"start":{"line":11,"column":4},"end":{"line":11,"column":62}},"8":{"start":{"line":15,"column":0},"end":{"line":15,"column":24}}},"fnMap":{"0":{"name":"(anonymous_0)","decl":{"start":{"line":6,"column":16},"end":{"line":6,"column":17}},"loc":{"start":{"line":6,"column":36},"end":{"line":13,"column":1}},"line":6}},"branchMap":{},"s":{"0":1,"1":1,"2":1,"3":1,"4":2,"5":2,"6":1,"7":1,"8":1},"f":{"0":2},"b":{},"_coverageSchema":"1a1c01bbd47fc00a2c39e90264f33305004495a9","hash":"aa42f1788c0b857d39996bacee7e9b0a4215d273"}
}
