TN:
SF:backend/middleware/authenticateJWT.js
FN:3,authenticateJWT
FN:7,(anonymous_1)
FNF:2
FNH:2
FNDA:53,authenticateJWT
FNDA:45,(anonymous_1)
DA:1,1
DA:4,53
DA:5,53
DA:6,45
DA:7,45
DA:8,45
DA:9,43
DA:10,43
DA:13,8
DA:17,1
LF:10
LH:10
BRDA:5,0,0,45
BRDA:5,0,1,8
BRDA:5,1,0,53
BRDA:5,1,1,46
BRDA:8,2,0,2
BRDA:8,2,1,43
BRF:6
BRH:6
end_of_record
TN:
SF:backend/models/airecommendation.js
FNF:0
FNH:0
LF:0
LH:0
BRF:0
BRH:0
end_of_record
TN:
SF:backend/models/menuitem.js
FN:5,(anonymous_0)
FN:12,(anonymous_1)
FNF:2
FNH:2
FNDA:1,(anonymous_0)
FNDA:1,(anonymous_1)
DA:4,1
DA:5,1
DA:14,1
DA:17,1
DA:25,1
LF:5
LH:5
BRF:0
BRH:0
end_of_record
TN:
SF:backend/models/order.js
FN:5,(anonymous_0)
FN:12,(anonymous_1)
FNF:2
FNH:2
FNDA:1,(anonymous_0)
FNDA:1,(anonymous_1)
DA:4,1
DA:5,1
DA:14,1
DA:16,1
DA:18,1
DA:21,1
DA:30,1
LF:7
LH:7
BRF:0
BRH:0
end_of_record
TN:
SF:backend/models/orderitem.js
FN:5,(anonymous_0)
FN:12,(anonymous_1)
FNF:2
FNH:2
FNDA:1,(anonymous_0)
FNDA:1,(anonymous_1)
DA:4,1
DA:5,1
DA:14,1
DA:16,1
DA:19,1
DA:28,1
LF:6
LH:6
BRF:0
BRH:0
end_of_record
TN:
SF:backend/models/session.js
FN:5,(anonymous_0)
FN:12,(anonymous_1)
FNF:2
FNH:2
FNDA:1,(anonymous_0)
FNDA:1,(anonymous_1)
DA:4,1
DA:5,1
DA:14,1
DA:16,1
DA:18,1
DA:21,1
DA:30,1
LF:7
LH:7
BRF:0
BRH:0
end_of_record
TN:
SF:backend/models/table.js
FN:5,(anonymous_0)
FN:12,(anonymous_1)
FNF:2
FNH:2
FNDA:1,(anonymous_0)
FNDA:1,(anonymous_1)
DA:4,1
DA:5,1
DA:14,1
DA:17,1
DA:23,1
LF:5
LH:5
BRF:0
BRH:0
end_of_record
TN:
SF:backend/models/user.js
FN:5,(anonymous_0)
FN:12,(anonymous_1)
FNF:2
FNH:2
FNDA:1,(anonymous_0)
FNDA:1,(anonymous_1)
DA:4,1
DA:5,1
DA:14,1
DA:16,1
DA:19,1
DA:27,1
LF:6
LH:6
BRF:0
BRH:0
end_of_record
TN:
SF:backend/routes/ai.js
FN:10,(anonymous_0)
FN:20,(anonymous_1)
FN:42,(anonymous_2)
FN:43,(anonymous_3)
FN:52,(anonymous_4)
FN:84,(anonymous_5)
FN:85,(anonymous_6)
FNF:7
FNH:7
FNDA:4,(anonymous_0)
FNDA:4,(anonymous_1)
FNDA:2,(anonymous_2)
FNDA:6,(anonymous_3)
FNDA:4,(anonymous_4)
FNDA:1,(anonymous_5)
FNDA:1,(anonymous_6)
DA:1,1
DA:2,1
DA:3,1
DA:4,1
DA:6,1
DA:10,1
DA:11,4
DA:12,4
DA:13,2
DA:15,2
DA:17,2
DA:20,4
DA:21,2
DA:24,2
DA:40,2
DA:41,13
DA:42,1
DA:43,2
DA:44,6
DA:47,1
DA:52,4
DA:60,2
DA:63,2
DA:68,2
DA:75,2
DA:78,2
DA:79,2
DA:80,2
DA:81,1
DA:82,1
DA:84,1
DA:85,1
DA:89,1
DA:96,2
DA:98,0
DA:102,1
LF:36
LH:35
BRDA:12,0,0,2
BRDA:12,0,1,2
BRDA:12,1,0,4
BRDA:12,1,1,3
BRDA:41,2,0,1
BRDA:41,2,1,12
BRDA:80,3,0,1
BRDA:80,3,1,1
BRDA:82,4,0,1
BRDA:82,4,1,0
BRF:10
BRH:9
end_of_record
TN:
SF:backend/routes/auth.js
FN:11,(anonymous_0)
FNF:1
FNH:0
FNDA:0,(anonymous_0)
DA:1,1
DA:2,1
DA:3,1
DA:4,1
DA:5,1
DA:8,1
DA:11,1
DA:13,0
DA:15,0
DA:18,0
DA:19,0
DA:21,0
DA:24,1
LF:13
LH:8
BRDA:18,0,0,0
BRDA:18,0,1,0
BRF:2
BRH:0
end_of_record
TN:
SF:backend/routes/menuItems.js
FN:6,(anonymous_0)
FNF:1
FNH:1
FNDA:2,(anonymous_0)
DA:1,1
DA:2,1
DA:3,1
DA:6,1
DA:7,2
DA:8,2
DA:9,1
DA:11,1
DA:15,1
LF:9
LH:9
BRF:0
BRH:0
end_of_record
TN:
SF:backend/routes/orders.js
FN:6,(anonymous_0)
FN:34,(anonymous_1)
FN:90,(anonymous_2)
FN:149,(anonymous_3)
FNF:4
FNH:4
FNDA:1,(anonymous_0)
FNDA:24,(anonymous_1)
FNDA:4,(anonymous_2)
FNDA:4,(anonymous_3)
DA:1,1
DA:2,1
DA:3,1
DA:6,1
DA:7,1
DA:8,1
DA:9,1
DA:11,1
DA:13,1
DA:14,0
DA:17,1
DA:27,1
DA:29,0
DA:34,1
DA:35,24
DA:36,24
DA:38,24
DA:39,2
DA:41,22
DA:43,22
DA:44,22
DA:46,21
DA:47,1
DA:51,20
DA:52,20
DA:53,20
DA:54,21
DA:55,20
DA:56,19
DA:57,19
DA:58,19
DA:66,18
DA:74,18
DA:75,19
DA:83,18
DA:85,1
DA:90,1
DA:91,4
DA:92,4
DA:94,4
DA:95,0
DA:98,4
DA:99,4
DA:105,4
DA:108,3
DA:109,1
DA:115,2
DA:116,2
DA:117,2
DA:118,3
DA:119,2
DA:120,2
DA:121,2
DA:122,2
DA:131,1
DA:134,1
DA:135,2
DA:139,1
DA:141,1
DA:143,1
DA:144,1
DA:149,1
DA:150,4
DA:151,4
DA:152,4
DA:158,4
DA:161,3
DA:162,1
DA:168,2
DA:171,1
DA:173,1
DA:175,1
DA:176,1
DA:180,1
LF:74
LH:71
BRDA:13,0,0,0
BRDA:13,0,1,1
BRDA:38,1,0,2
BRDA:38,1,1,22
BRDA:38,2,0,24
BRDA:38,2,1,23
BRDA:38,2,2,23
BRDA:44,3,0,1
BRDA:44,3,1,21
BRDA:46,4,0,1
BRDA:46,4,1,20
BRDA:55,5,0,1
BRDA:55,5,1,19
BRDA:94,6,0,0
BRDA:94,6,1,4
BRDA:94,7,0,4
BRDA:94,7,1,4
BRDA:105,8,0,1
BRDA:105,8,1,3
BRDA:108,9,0,1
BRDA:108,9,1,2
BRDA:119,10,0,0
BRDA:119,10,1,2
BRDA:158,11,0,1
BRDA:158,11,1,3
BRDA:161,12,0,1
BRDA:161,12,1,2
BRF:27
BRH:24
end_of_record
TN:
SF:backend/routes/paymentRedirect.js
FN:5,(anonymous_0)
FN:30,(anonymous_1)
FN:55,(anonymous_2)
FNF:3
FNH:3
FNDA:1,(anonymous_0)
FNDA:1,(anonymous_1)
FNDA:1,(anonymous_2)
DA:1,1
DA:2,1
DA:5,1
DA:6,1
DA:8,1
DA:30,1
DA:31,1
DA:33,1
DA:55,1
DA:56,1
DA:58,1
DA:80,1
LF:12
LH:12
BRF:0
BRH:0
end_of_record
TN:
SF:backend/routes/payments.js
FN:21,(anonymous_0)
FN:56,(anonymous_1)
FNF:2
FNH:2
FNDA:4,(anonymous_0)
FNDA:9,(anonymous_1)
DA:1,1
DA:2,1
DA:3,1
DA:4,1
DA:7,1
DA:14,1
DA:21,1
DA:22,4
DA:23,4
DA:24,3
DA:25,3
DA:26,3
DA:29,2
DA:30,1
DA:33,1
DA:48,1
DA:49,0
DA:51,1
DA:56,1
DA:57,9
DA:58,9
DA:59,9
DA:60,9
DA:63,9
DA:64,9
DA:65,1
DA:66,1
DA:69,8
DA:70,8
DA:72,8
DA:73,7
DA:74,0
DA:75,0
DA:79,7
DA:80,7
DA:81,7
DA:84,2
DA:85,2
DA:87,1
DA:88,1
DA:92,3
DA:93,3
DA:96,7
DA:97,7
DA:98,7
DA:100,7
DA:102,1
DA:103,1
DA:104,1
DA:108,1
LF:50
LH:47
BRDA:9,0,0,1
BRDA:9,0,1,1
BRDA:10,1,0,1
BRDA:10,1,1,1
BRDA:16,2,0,1
BRDA:16,2,1,1
BRDA:17,3,0,1
BRDA:17,3,1,1
BRDA:23,4,0,1
BRDA:23,4,1,3
BRDA:26,5,0,1
BRDA:26,5,1,2
BRDA:29,6,0,1
BRDA:29,6,1,1
BRDA:29,7,0,2
BRDA:29,7,1,1
BRDA:42,8,0,1
BRDA:42,8,1,1
BRDA:43,9,0,1
BRDA:43,9,1,1
BRDA:44,10,0,1
BRDA:44,10,1,1
BRDA:63,11,0,9
BRDA:63,11,1,9
BRDA:64,12,0,1
BRDA:64,12,1,8
BRDA:73,13,0,0
BRDA:73,13,1,7
BRDA:81,14,0,0
BRDA:81,14,1,2
BRDA:81,14,2,1
BRDA:81,14,3,1
BRDA:81,14,4,2
BRDA:81,14,5,3
BRF:34
BRH:32
end_of_record
TN:
SF:backend/routes/sessions.js
FN:6,(anonymous_0)
FNF:1
FNH:1
FNDA:30,(anonymous_0)
DA:1,1
DA:2,1
DA:3,1
DA:6,1
DA:7,30
DA:8,30
DA:9,29
DA:10,29
DA:11,28
DA:14,27
DA:15,27
DA:17,27
DA:22,27
DA:24,1
DA:28,1
LF:15
LH:15
BRDA:8,0,0,1
BRDA:8,0,1,29
BRDA:11,1,0,1
BRDA:11,1,1,27
BRF:4
BRH:4
end_of_record
